TN:
SF:src/config.ts
FN:5,(anonymous_9)
FN:37,(anonymous_10)
FN:42,(anonymous_11)
FN:47,(anonymous_12)
FN:52,(anonymous_13)
FNF:5
FNH:4
FNDA:3,(anonymous_9)
FNDA:2,(anonymous_10)
FNDA:3,(anonymous_11)
FNDA:2,(anonymous_12)
FNDA:0,(anonymous_13)
DA:1,1
DA:4,1
DA:6,3
DA:9,3
DA:10,3
DA:11,3
DA:12,3
DA:14,3
DA:38,2
DA:39,2
DA:43,3
DA:44,3
DA:48,2
DA:49,2
DA:53,0
LF:15
LH:14
BRDA:9,0,0,3
BRDA:9,0,1,1
BRDA:10,1,0,3
BRDA:10,1,1,1
BRDA:11,2,0,3
BRDA:11,2,1,1
BRDA:12,3,0,3
BRDA:12,3,1,1
BRDA:15,4,0,1
BRDA:15,4,1,2
BRDA:16,5,0,1
BRDA:16,5,1,2
BRDA:17,6,0,1
BRDA:17,6,1,2
BRDA:18,7,0,1
BRDA:18,7,1,2
BRDA:19,8,0,1
BRDA:19,8,1,0
BRDA:21,9,0,1
BRDA:21,9,1,2
BRDA:22,10,0,1
BRDA:22,10,1,0
BRDA:24,11,0,1
BRDA:24,11,1,2
BRDA:27,12,0,1
BRDA:27,12,1,2
BRDA:28,13,0,1
BRDA:28,13,1,2
BRDA:31,14,0,1
BRDA:31,14,1,2
BRDA:39,15,0,2
BRDA:39,15,1,1
BRDA:44,16,0,3
BRDA:44,16,1,2
BRF:34
BRH:32
end_of_record
TN:
SF:src/fileHandler.ts
FN:28,(anonymous_10)
FN:40,(anonymous_11)
FN:43,(anonymous_12)
FN:44,(anonymous_13)
FN:45,(anonymous_14)
FN:51,(anonymous_15)
FN:57,(anonymous_16)
FN:61,(anonymous_17)
FN:66,(anonymous_18)
FN:75,(anonymous_19)
FN:114,(anonymous_20)
FN:157,(anonymous_21)
FN:162,(anonymous_22)
FN:176,(anonymous_23)
FN:178,(anonymous_24)
FN:179,(anonymous_25)
FN:188,(anonymous_26)
FN:216,(anonymous_27)
FN:223,(anonymous_28)
FN:235,(anonymous_29)
FN:236,(anonymous_30)
FN:237,(anonymous_31)
FN:261,(anonymous_32)
FN:265,(anonymous_33)
FNF:24
FNH:15
FNDA:10,(anonymous_10)
FNDA:0,(anonymous_11)
FNDA:0,(anonymous_12)
FNDA:0,(anonymous_13)
FNDA:0,(anonymous_14)
FNDA:1,(anonymous_15)
FNDA:1,(anonymous_16)
FNDA:2,(anonymous_17)
FNDA:4,(anonymous_18)
FNDA:1,(anonymous_19)
FNDA:0,(anonymous_20)
FNDA:2,(anonymous_21)
FNDA:4,(anonymous_22)
FNDA:2,(anonymous_23)
FNDA:4,(anonymous_24)
FNDA:3,(anonymous_25)
FNDA:2,(anonymous_26)
FNDA:0,(anonymous_27)
FNDA:2,(anonymous_28)
FNDA:2,(anonymous_29)
FNDA:2,(anonymous_30)
FNDA:0,(anonymous_31)
FNDA:0,(anonymous_32)
FNDA:0,(anonymous_33)
DA:1,3
DA:2,3
DA:3,3
DA:5,3
DA:6,3
DA:7,3
DA:19,3
DA:21,10
DA:23,10
DA:24,10
DA:25,10
DA:26,10
DA:32,10
DA:33,10
DA:35,10
DA:36,0
DA:41,0
DA:42,0
DA:43,0
DA:44,0
DA:45,0
DA:47,0
DA:52,1
DA:53,0
DA:58,1
DA:62,2
DA:63,2
DA:67,4
DA:68,4
DA:70,0
DA:71,0
DA:76,1
DA:77,1
DA:78,1
DA:79,1
DA:81,1
DA:82,0
DA:85,0
DA:86,0
DA:89,1
DA:92,1
DA:93,0
DA:96,1
DA:98,1
DA:109,0
DA:110,0
DA:115,0
DA:116,0
DA:118,0
DA:119,0
DA:121,0
DA:122,0
DA:123,0
DA:125,0
DA:126,0
DA:127,0
DA:129,0
DA:130,0
DA:131,0
DA:133,0
DA:134,0
DA:136,0
DA:137,0
DA:138,0
DA:140,0
DA:141,0
DA:144,0
DA:146,0
DA:152,0
DA:153,0
DA:158,2
DA:159,2
DA:160,2
DA:161,2
DA:162,4
DA:166,2
DA:167,0
DA:170,2
DA:172,0
DA:177,2
DA:178,4
DA:179,3
DA:183,2
DA:186,10
DA:189,2
DA:190,2
DA:191,2
DA:194,2
DA:197,2
DA:198,2
DA:202,2
DA:203,0
DA:204,0
DA:209,2
DA:210,1
DA:213,1
DA:217,0
DA:218,0
DA:220,0
DA:224,2
DA:225,2
DA:227,2
DA:228,2
DA:229,0
DA:232,2
DA:233,2
DA:235,2
DA:236,2
DA:238,0
DA:239,0
DA:241,0
DA:242,0
DA:244,0
DA:245,0
DA:247,0
DA:250,2
DA:255,2
DA:257,0
DA:262,0
DA:266,0
LF:120
LH:62
BRDA:30,0,0,10
BRDA:35,1,0,0
BRDA:52,2,0,0
BRDA:81,3,0,0
BRDA:92,4,0,0
BRDA:103,5,0,1
BRDA:103,5,1,0
BRDA:103,6,0,1
BRDA:103,6,1,1
BRDA:118,7,0,0
BRDA:118,7,1,0
BRDA:119,8,0,0
BRDA:119,8,1,0
BRDA:119,8,2,0
BRDA:119,8,3,0
BRDA:136,9,0,0
BRDA:136,9,1,0
BRDA:138,10,0,0
BRDA:138,10,1,0
BRDA:152,11,0,0
BRDA:166,12,0,0
BRDA:179,13,0,3
BRDA:179,13,1,3
BRDA:179,13,2,3
BRDA:179,13,3,3
BRDA:189,14,0,2
BRDA:197,15,0,2
BRDA:203,16,0,0
BRDA:209,17,0,1
BRDA:217,18,0,0
BRDA:228,19,0,0
BRDA:228,20,0,2
BRDA:228,20,1,0
BRDA:236,21,0,2
BRDA:236,21,1,0
BRDA:238,22,0,0
BRDA:241,23,0,0
BRDA:244,24,0,0
BRF:38
BRH:13
end_of_record
TN:
SF:src/fileProcessor.ts
FN:30,(anonymous_9)
FN:35,(anonymous_10)
FN:39,(anonymous_11)
FN:43,(anonymous_12)
FN:47,(anonymous_13)
FN:51,(anonymous_14)
FN:55,(anonymous_15)
FN:59,(anonymous_16)
FN:63,(anonymous_17)
FN:82,(anonymous_18)
FN:91,(anonymous_19)
FN:101,(anonymous_20)
FN:114,(anonymous_21)
FN:115,(anonymous_22)
FN:116,(anonymous_23)
FN:121,(anonymous_24)
FN:140,(anonymous_25)
FN:165,(anonymous_26)
FN:204,(anonymous_27)
FN:229,(anonymous_28)
FN:231,(anonymous_29)
FN:238,(anonymous_30)
FN:244,(anonymous_31)
FN:250,(anonymous_32)
FN:259,(anonymous_33)
FN:261,(anonymous_34)
FN:263,(anonymous_35)
FN:272,(anonymous_36)
FN:274,(anonymous_37)
FN:294,(anonymous_38)
FN:300,(anonymous_39)
FN:306,(anonymous_40)
FN:345,(anonymous_41)
FN:350,(anonymous_42)
FN:389,(anonymous_43)
FN:413,(anonymous_44)
FN:422,(anonymous_45)
FN:426,(anonymous_46)
FN:432,(anonymous_47)
FN:438,(anonymous_48)
FN:456,(anonymous_49)
FN:463,(anonymous_50)
FN:471,(anonymous_51)
FN:489,(anonymous_52)
FN:494,(anonymous_53)
FN:513,(anonymous_54)
FN:522,(anonymous_55)
FN:615,(anonymous_56)
FN:616,(anonymous_57)
FN:641,(anonymous_58)
FN:657,(anonymous_59)
FN:673,(anonymous_60)
FN:686,(anonymous_61)
FN:691,(anonymous_62)
FN:693,(anonymous_63)
FN:703,(anonymous_64)
FN:705,(anonymous_65)
FN:706,(anonymous_66)
FN:712,(anonymous_67)
FN:717,(anonymous_68)
FN:736,(anonymous_69)
FN:739,(anonymous_70)
FN:757,(anonymous_71)
FN:767,(anonymous_72)
FN:774,(anonymous_73)
FN:779,(anonymous_74)
FN:782,(anonymous_75)
FN:809,(anonymous_76)
FN:819,(anonymous_77)
FN:820,(anonymous_78)
FN:830,(anonymous_79)
FN:843,(anonymous_80)
FN:845,(anonymous_81)
FNF:73
FNH:21
FNDA:8,(anonymous_9)
FNDA:1,(anonymous_10)
FNDA:1,(anonymous_11)
FNDA:0,(anonymous_12)
FNDA:0,(anonymous_13)
FNDA:0,(anonymous_14)
FNDA:0,(anonymous_15)
FNDA:1,(anonymous_16)
FNDA:4,(anonymous_17)
FNDA:8,(anonymous_18)
FNDA:0,(anonymous_19)
FNDA:8,(anonymous_20)
FNDA:5,(anonymous_21)
FNDA:5,(anonymous_22)
FNDA:5,(anonymous_23)
FNDA:16,(anonymous_24)
FNDA:0,(anonymous_25)
FNDA:0,(anonymous_26)
FNDA:0,(anonymous_27)
FNDA:0,(anonymous_28)
FNDA:0,(anonymous_29)
FNDA:0,(anonymous_30)
FNDA:0,(anonymous_31)
FNDA:0,(anonymous_32)
FNDA:0,(anonymous_33)
FNDA:0,(anonymous_34)
FNDA:0,(anonymous_35)
FNDA:0,(anonymous_36)
FNDA:0,(anonymous_37)
FNDA:0,(anonymous_38)
FNDA:0,(anonymous_39)
FNDA:0,(anonymous_40)
FNDA:0,(anonymous_41)
FNDA:0,(anonymous_42)
FNDA:0,(anonymous_43)
FNDA:0,(anonymous_44)
FNDA:0,(anonymous_45)
FNDA:0,(anonymous_46)
FNDA:0,(anonymous_47)
FNDA:0,(anonymous_48)
FNDA:0,(anonymous_49)
FNDA:0,(anonymous_50)
FNDA:0,(anonymous_51)
FNDA:0,(anonymous_52)
FNDA:2,(anonymous_53)
FNDA:2,(anonymous_54)
FNDA:8,(anonymous_55)
FNDA:0,(anonymous_56)
FNDA:0,(anonymous_57)
FNDA:0,(anonymous_58)
FNDA:0,(anonymous_59)
FNDA:0,(anonymous_60)
FNDA:0,(anonymous_61)
FNDA:6,(anonymous_62)
FNDA:9,(anonymous_63)
FNDA:0,(anonymous_64)
FNDA:0,(anonymous_65)
FNDA:0,(anonymous_66)
FNDA:0,(anonymous_67)
FNDA:0,(anonymous_68)
FNDA:0,(anonymous_69)
FNDA:6,(anonymous_70)
FNDA:5,(anonymous_71)
FNDA:4,(anonymous_72)
FNDA:1,(anonymous_73)
FNDA:4,(anonymous_74)
FNDA:0,(anonymous_75)
FNDA:0,(anonymous_76)
FNDA:0,(anonymous_77)
FNDA:0,(anonymous_78)
FNDA:0,(anonymous_79)
FNDA:0,(anonymous_80)
FNDA:0,(anonymous_81)
DA:1,2
DA:2,2
DA:3,2
DA:4,2
DA:7,2
DA:8,2
DA:23,2
DA:24,8
DA:25,8
DA:26,8
DA:27,8
DA:28,8
DA:31,8
DA:32,8
DA:36,1
DA:40,1
DA:44,0
DA:48,0
DA:52,0
DA:56,0
DA:60,1
DA:64,4
DA:74,2
DA:77,8
DA:78,8
DA:79,8
DA:80,8
DA:83,8
DA:87,8
DA:88,8
DA:95,0
DA:96,0
DA:97,0
DA:102,8
DA:103,0
DA:106,8
DA:107,6
DA:108,5
DA:109,2
DA:111,3
DA:114,5
DA:115,5
DA:116,5
DA:117,2
DA:119,2
DA:120,7
DA:121,16
DA:122,5
DA:124,2
DA:129,2
DA:130,0
DA:131,0
DA:132,0
DA:134,0
DA:137,2
DA:146,0
DA:147,0
DA:148,0
DA:151,0
DA:152,0
DA:155,0
DA:156,0
DA:157,0
DA:158,0
DA:159,0
DA:160,0
DA:165,0
DA:166,0
DA:167,0
DA:168,0
DA:170,0
DA:174,0
DA:175,0
DA:176,0
DA:177,0
DA:178,0
DA:179,0
DA:186,0
DA:187,0
DA:188,0
DA:189,0
DA:192,0
DA:193,0
DA:196,0
DA:198,0
DA:199,0
DA:204,0
DA:205,0
DA:206,0
DA:212,0
DA:213,0
DA:214,0
DA:215,0
DA:219,0
DA:220,0
DA:225,0
DA:231,0
DA:233,0
DA:234,0
DA:238,0
DA:239,0
DA:244,0
DA:246,0
DA:247,0
DA:250,0
DA:255,0
DA:261,0
DA:262,0
DA:263,0
DA:264,0
DA:272,0
DA:273,0
DA:274,0
DA:275,0
DA:278,0
DA:280,0
DA:286,0
DA:290,0
DA:294,0
DA:300,0
DA:308,0
DA:309,0
DA:313,0
DA:314,0
DA:315,0
DA:316,0
DA:317,0
DA:318,0
DA:319,0
DA:325,0
DA:326,0
DA:327,0
DA:328,0
DA:333,0
DA:334,0
DA:335,0
DA:336,0
DA:337,0
DA:338,0
DA:342,0
DA:346,0
DA:347,0
DA:357,0
DA:358,0
DA:359,0
DA:362,0
DA:363,0
DA:364,0
DA:365,0
DA:368,0
DA:369,0
DA:370,0
DA:377,0
DA:378,0
DA:379,0
DA:380,0
DA:381,0
DA:383,0
DA:384,0
DA:389,0
DA:390,0
DA:391,0
DA:397,0
DA:398,0
DA:399,0
DA:400,0
DA:401,0
DA:402,0
DA:412,0
DA:413,0
DA:414,0
DA:418,0
DA:423,0
DA:425,0
DA:426,0
DA:427,0
DA:431,0
DA:432,0
DA:433,0
DA:444,0
DA:445,0
DA:446,0
DA:447,0
DA:448,0
DA:449,0
DA:452,0
DA:457,0
DA:458,0
DA:459,0
DA:463,0
DA:464,0
DA:466,0
DA:467,0
DA:469,0
DA:470,0
DA:471,0
DA:473,0
DA:474,0
DA:480,0
DA:483,0
DA:484,0
DA:489,0
DA:490,0
DA:495,2
DA:496,0
DA:497,0
DA:500,2
DA:501,2
DA:503,1
DA:504,1
DA:506,1
DA:509,0
DA:510,0
DA:514,2
DA:515,2
DA:519,0
DA:523,8
DA:525,8
DA:526,7
DA:527,7
DA:529,7
DA:530,7
DA:533,7
DA:534,10
DA:535,10
DA:536,0
DA:539,10
DA:540,4
DA:541,4
DA:542,4
DA:544,4
DA:545,3
DA:546,3
DA:547,3
DA:548,3
DA:552,3
DA:556,4
DA:557,1
DA:558,1
DA:559,1
DA:560,1
DA:561,1
DA:562,1
DA:563,1
DA:564,1
DA:568,1
DA:575,6
DA:576,6
DA:577,5
DA:578,5
DA:579,5
DA:583,5
DA:589,7
DA:590,1
DA:594,6
DA:601,6
DA:603,6
DA:605,2
DA:606,1
DA:609,8
DA:610,8
DA:611,8
DA:616,0
DA:618,0
DA:619,0
DA:626,0
DA:629,0
DA:634,0
DA:643,0
DA:644,0
DA:648,0
DA:650,0
DA:654,0
DA:659,0
DA:660,0
DA:664,0
DA:665,0
DA:666,0
DA:670,0
DA:675,0
DA:680,0
DA:688,0
DA:692,6
DA:693,6
DA:694,9
DA:695,9
DA:696,0
DA:698,9
DA:699,9
DA:705,0
DA:706,0
DA:707,0
DA:712,0
DA:713,0
DA:722,0
DA:723,0
DA:726,0
DA:727,0
DA:729,0
DA:732,0
DA:733,0
DA:736,0
DA:740,6
DA:741,0
DA:742,0
DA:746,6
DA:747,6
DA:748,9
DA:749,0
DA:751,9
DA:752,0
DA:754,9
DA:757,6
DA:758,5
DA:759,0
DA:762,5
DA:763,5
DA:764,0
DA:767,5
DA:768,4
DA:769,4
DA:770,0
DA:774,5
DA:775,1
DA:779,6
DA:791,0
DA:794,0
DA:795,0
DA:802,0
DA:805,0
DA:806,0
DA:809,0
DA:818,0
DA:819,0
DA:820,0
DA:830,0
DA:835,0
DA:844,0
DA:845,0
DA:846,0
DA:848,0
LF:341
LH:118
BRDA:30,0,0,0
BRDA:30,1,0,0
BRDA:56,2,0,0
BRDA:56,2,1,0
BRDA:87,3,0,8
BRDA:87,3,1,1
BRDA:88,4,0,8
BRDA:88,4,1,1
BRDA:102,5,0,0
BRDA:106,6,0,6
BRDA:108,7,0,2
BRDA:121,8,0,5
BRDA:121,8,1,2
BRDA:129,9,0,0
BRDA:131,10,0,0
BRDA:151,11,0,0
BRDA:155,12,0,0
BRDA:155,12,1,0
BRDA:157,13,0,0
BRDA:159,14,0,0
BRDA:159,14,1,0
BRDA:165,15,0,0
BRDA:167,16,0,0
BRDA:167,16,1,0
BRDA:167,17,0,0
BRDA:167,17,1,0
BRDA:174,18,0,0
BRDA:176,19,0,0
BRDA:178,20,0,0
BRDA:178,20,1,0
BRDA:186,21,0,0
BRDA:192,22,0,0
BRDA:198,23,0,0
BRDA:204,24,0,0
BRDA:212,25,0,0
BRDA:219,26,0,0
BRDA:219,27,0,0
BRDA:219,27,1,0
BRDA:219,27,2,0
BRDA:233,28,0,0
BRDA:233,28,1,0
BRDA:238,29,0,0
BRDA:246,30,0,0
BRDA:246,30,1,0
BRDA:263,31,0,0
BRDA:278,32,0,0
BRDA:308,33,0,0
BRDA:314,34,0,0
BRDA:316,35,0,0
BRDA:318,36,0,0
BRDA:325,37,0,0
BRDA:327,38,0,0
BRDA:334,39,0,0
BRDA:337,40,0,0
BRDA:347,41,0,0
BRDA:347,41,1,0
BRDA:355,42,0,0
BRDA:357,43,0,0
BRDA:364,44,0,0
BRDA:369,45,0,0
BRDA:369,45,1,0
BRDA:377,46,0,0
BRDA:383,47,0,0
BRDA:389,48,0,0
BRDA:397,49,0,0
BRDA:397,50,0,0
BRDA:397,50,1,0
BRDA:412,51,0,0
BRDA:412,52,0,0
BRDA:412,52,1,0
BRDA:412,52,2,0
BRDA:413,53,0,0
BRDA:423,54,0,0
BRDA:423,55,0,0
BRDA:423,55,1,0
BRDA:425,56,0,0
BRDA:427,57,0,0
BRDA:431,58,0,0
BRDA:433,59,0,0
BRDA:446,60,0,0
BRDA:458,61,0,0
BRDA:458,62,0,0
BRDA:458,62,1,0
BRDA:464,63,0,0
BRDA:470,64,0,0
BRDA:470,64,1,0
BRDA:473,65,0,0
BRDA:489,66,0,0
BRDA:489,67,0,0
BRDA:489,67,1,0
BRDA:495,68,0,0
BRDA:500,69,0,2
BRDA:501,70,0,1
BRDA:514,71,0,2
BRDA:515,72,0,2
BRDA:515,72,1,2
BRDA:515,72,2,2
BRDA:535,73,0,0
BRDA:539,74,0,4
BRDA:539,74,1,6
BRDA:541,75,0,4
BRDA:544,76,0,4
BRDA:544,76,1,0
BRDA:547,77,0,3
BRDA:556,78,0,4
BRDA:556,78,1,0
BRDA:559,79,0,1
BRDA:560,80,0,1
BRDA:560,80,1,0
BRDA:563,81,0,1
BRDA:576,82,0,5
BRDA:581,83,0,5
BRDA:581,83,1,0
BRDA:589,84,0,1
BRDA:589,85,0,7
BRDA:589,85,1,1
BRDA:615,86,0,0
BRDA:618,87,0,0
BRDA:643,88,0,0
BRDA:648,89,0,0
BRDA:650,90,0,0
BRDA:650,90,1,0
BRDA:659,91,0,0
BRDA:665,92,0,0
BRDA:695,93,0,0
BRDA:706,94,0,0
BRDA:723,95,0,0
BRDA:740,96,0,0
BRDA:740,97,0,6
BRDA:740,97,1,6
BRDA:741,98,0,0
BRDA:741,99,0,0
BRDA:741,99,1,0
BRDA:741,99,2,0
BRDA:748,100,0,0
BRDA:751,101,0,0
BRDA:757,102,0,4
BRDA:758,103,0,0
BRDA:758,104,0,5
BRDA:758,104,1,0
BRDA:762,105,0,1
BRDA:762,105,1,4
BRDA:763,106,0,0
BRDA:763,107,0,5
BRDA:763,107,1,0
BRDA:769,108,0,0
BRDA:785,109,0,0
BRDA:786,110,0,0
BRDA:787,111,0,0
BRDA:788,112,0,0
BRDA:794,113,0,0
BRDA:805,114,0,0
BRF:152
BRH:35
end_of_record
TN:
SF:src/folderHandler.ts
FN:25,(anonymous_9)
FN:35,(anonymous_10)
FN:39,(anonymous_11)
FN:43,(anonymous_12)
FN:109,(anonymous_13)
FN:122,(anonymous_14)
FN:129,(anonymous_15)
FN:133,(anonymous_16)
FN:151,(anonymous_17)
FN:165,(anonymous_18)
FN:169,(anonymous_19)
FN:196,(anonymous_20)
FN:203,(anonymous_21)
FN:205,(anonymous_22)
FN:208,(anonymous_23)
FN:213,(anonymous_24)
FN:220,(anonymous_25)
FN:225,(anonymous_26)
FN:235,(anonymous_27)
FN:249,(anonymous_28)
FNF:20
FNH:5
FNDA:7,(anonymous_9)
FNDA:1,(anonymous_10)
FNDA:7,(anonymous_11)
FNDA:7,(anonymous_12)
FNDA:0,(anonymous_13)
FNDA:0,(anonymous_14)
FNDA:0,(anonymous_15)
FNDA:0,(anonymous_16)
FNDA:0,(anonymous_17)
FNDA:0,(anonymous_18)
FNDA:0,(anonymous_19)
FNDA:0,(anonymous_20)
FNDA:0,(anonymous_21)
FNDA:0,(anonymous_22)
FNDA:0,(anonymous_23)
FNDA:0,(anonymous_24)
FNDA:0,(anonymous_25)
FNDA:0,(anonymous_26)
FNDA:0,(anonymous_27)
FNDA:7,(anonymous_28)
DA:1,3
DA:2,3
DA:14,3
DA:17,7
DA:19,7
DA:20,7
DA:21,7
DA:22,7
DA:23,7
DA:30,7
DA:31,7
DA:32,7
DA:36,1
DA:40,7
DA:44,7
DA:45,7
DA:46,7
DA:54,7
DA:55,7
DA:56,0
DA:57,0
DA:60,7
DA:61,7
DA:62,2
DA:63,2
DA:67,5
DA:68,4
DA:69,4
DA:71,4
DA:72,0
DA:75,4
DA:76,3
DA:77,3
DA:78,3
DA:83,1
DA:84,1
DA:85,1
DA:86,1
DA:92,5
DA:93,0
DA:96,5
DA:98,0
DA:99,0
DA:116,0
DA:117,0
DA:118,0
DA:120,0
DA:121,0
DA:122,0
DA:126,0
DA:133,0
DA:134,0
DA:137,0
DA:138,0
DA:139,0
DA:140,0
DA:142,0
DA:143,0
DA:146,0
DA:147,0
DA:149,0
DA:151,0
DA:155,0
DA:158,0
DA:162,0
DA:169,0
DA:170,0
DA:173,0
DA:174,0
DA:175,0
DA:176,0
DA:178,0
DA:179,0
DA:182,0
DA:183,0
DA:185,0
DA:186,0
DA:189,0
DA:193,0
DA:197,0
DA:198,0
DA:200,0
DA:204,0
DA:205,0
DA:206,0
DA:208,0
DA:209,0
DA:214,0
DA:215,0
DA:217,0
DA:219,0
DA:220,0
DA:221,0
DA:226,0
DA:227,0
DA:228,0
DA:230,0
DA:231,0
DA:239,0
DA:240,0
DA:241,0
DA:242,0
DA:244,0
DA:245,0
DA:250,7
DA:251,7
DA:253,1
DA:254,1
LF:108
LH:41
BRDA:28,0,0,1
BRDA:48,1,0,7
BRDA:48,1,1,0
BRDA:55,2,0,0
BRDA:55,3,0,7
BRDA:55,3,1,3
BRDA:61,4,0,2
BRDA:69,5,0,4
BRDA:69,5,1,0
BRDA:71,6,0,0
BRDA:75,7,0,3
BRDA:75,7,1,1
BRDA:77,8,0,3
BRDA:83,9,0,1
BRDA:85,10,0,1
BRDA:92,11,0,0
BRDA:92,12,0,5
BRDA:92,12,1,2
BRDA:92,12,2,1
BRDA:101,13,0,0
BRDA:101,13,1,0
BRDA:112,14,0,0
BRDA:113,15,0,0
BRDA:121,16,0,0
BRDA:126,17,0,0
BRDA:126,17,1,0
BRDA:142,18,0,0
BRDA:147,19,0,0
BRDA:178,20,0,0
BRDA:183,21,0,0
BRDA:197,22,0,0
BRDA:213,23,0,0
BRDA:214,24,0,0
BRDA:228,25,0,0
BRDA:228,25,1,0
BRF:35
BRH:14
end_of_record
TN:
SF:src/xmlGenerator.ts
FN:8,(anonymous_0)
FN:11,(anonymous_1)
FN:23,(anonymous_2)
FN:26,(anonymous_3)
FN:32,(anonymous_4)
FN:35,(anonymous_5)
FN:39,(anonymous_6)
FN:59,(anonymous_7)
FN:70,(anonymous_8)
FN:78,(anonymous_9)
FN:104,(anonymous_10)
FN:115,(anonymous_11)
FN:122,(anonymous_12)
FN:132,(anonymous_13)
FN:134,(anonymous_14)
FN:137,(anonymous_15)
FN:144,(anonymous_16)
FN:158,(anonymous_17)
FNF:18
FNH:17
FNDA:7,(anonymous_0)
FNDA:7,(anonymous_1)
FNDA:2,(anonymous_2)
FNDA:2,(anonymous_3)
FNDA:2,(anonymous_4)
FNDA:2,(anonymous_5)
FNDA:2,(anonymous_6)
FNDA:4,(anonymous_7)
FNDA:1,(anonymous_8)
FNDA:4,(anonymous_9)
FNDA:2,(anonymous_10)
FNDA:3,(anonymous_11)
FNDA:3,(anonymous_12)
FNDA:2,(anonymous_13)
FNDA:0,(anonymous_14)
FNDA:2,(anonymous_15)
FNDA:3,(anonymous_16)
FNDA:3,(anonymous_17)
DA:2,2
DA:5,2
DA:6,2
DA:10,7
DA:11,7
DA:12,7
DA:20,7
DA:25,2
DA:26,2
DA:29,2
DA:33,2
DA:35,2
DA:36,2
DA:37,2
DA:39,2
DA:40,2
DA:41,2
DA:47,2
DA:52,2
DA:56,2
DA:60,4
DA:61,4
DA:64,4
DA:65,0
DA:69,4
DA:70,1
DA:73,4
DA:74,0
DA:78,4
DA:80,4
DA:81,1
DA:85,3
DA:86,0
DA:90,3
DA:91,3
DA:94,3
DA:95,1
DA:96,1
DA:97,1
DA:101,3
DA:102,2
DA:103,2
DA:104,2
DA:105,2
DA:107,2
DA:111,3
DA:112,3
DA:114,3
DA:115,3
DA:116,3
DA:117,3
DA:118,3
DA:119,3
DA:122,3
DA:123,3
DA:125,3
DA:128,3
DA:129,3
DA:133,2
DA:134,2
DA:135,0
DA:137,2
DA:138,2
DA:140,2
DA:141,2
DA:145,3
DA:146,3
DA:147,2
DA:149,3
DA:150,3
DA:151,3
DA:152,3
DA:154,3
DA:155,3
DA:159,3
DA:160,2
LF:76
LH:72
BRDA:12,0,0,7
BRDA:12,0,1,1
BRDA:12,0,2,1
BRDA:12,0,3,1
BRDA:12,0,4,1
BRDA:12,0,5,1
BRDA:12,0,6,1
BRDA:20,1,0,6
BRDA:20,1,1,1
BRDA:37,2,0,2
BRDA:64,3,0,0
BRDA:69,4,0,4
BRDA:69,4,1,1
BRDA:69,4,2,1
BRDA:69,4,3,0
BRDA:69,4,4,0
BRDA:73,5,0,0
BRDA:73,6,0,4
BRDA:73,6,1,0
BRDA:80,7,0,1
BRDA:80,8,0,4
BRDA:80,8,1,1
BRDA:80,8,2,1
BRDA:85,9,0,0
BRDA:85,10,0,3
BRDA:85,10,1,0
BRDA:85,10,2,0
BRDA:85,10,3,0
BRDA:94,11,0,1
BRDA:101,12,0,2
BRDA:101,13,0,3
BRDA:101,13,1,3
BRDA:111,14,0,3
BRDA:118,15,0,3
BRDA:146,16,0,2
BRDA:149,17,0,3
BRDA:159,18,0,1
BRF:37
BRH:28
end_of_record
TN:
SF:src/utils/ignoreUtils.ts
FN:7,(anonymous_1)
FN:24,(anonymous_2)
FN:42,(anonymous_3)
FN:49,(anonymous_4)
FNF:4
FNH:2
FNDA:2,(anonymous_1)
FNDA:1,(anonymous_2)
FNDA:0,(anonymous_3)
FNDA:0,(anonymous_4)
DA:1,3
DA:3,3
DA:8,2
DA:9,2
DA:11,2
DA:12,0
DA:13,0
DA:16,0
DA:17,0
DA:19,0
DA:26,1
DA:27,0
DA:28,0
DA:33,1
DA:34,0
DA:35,0
DA:39,1
DA:43,0
DA:44,0
DA:50,0
DA:53,0
DA:54,0
DA:58,0
DA:59,0
DA:62,0
LF:25
LH:8
BRDA:12,0,0,0
BRDA:12,1,0,0
BRDA:12,1,1,0
BRDA:16,2,0,0
BRDA:16,2,1,0
BRDA:27,3,0,0
BRDA:34,4,0,0
BRDA:44,5,0,0
BRDA:44,5,1,0
BRDA:44,5,2,0
BRDA:53,6,0,0
BRDA:58,7,0,0
BRF:12
BRH:0
end_of_record
TN:
SF:src/utils/pathUtils.ts
FN:3,normalizePath
FN:27,getRelativePath
FN:50,isSubPath
FNF:3
FNH:2
FNDA:3,normalizePath
FNDA:1,getRelativePath
FNDA:0,isSubPath
DA:1,3
DA:3,3
DA:4,3
DA:5,0
DA:9,3
DA:10,0
DA:14,3
DA:17,3
DA:20,3
DA:21,0
DA:24,3
DA:27,3
DA:28,1
DA:29,0
DA:32,1
DA:33,1
DA:36,1
DA:37,0
DA:41,1
DA:42,1
DA:45,1
DA:47,1
DA:50,3
DA:51,0
DA:52,0
DA:55,0
DA:56,0
LF:27
LH:18
BRDA:4,0,0,0
BRDA:4,1,0,3
BRDA:4,1,1,3
BRDA:9,2,0,0
BRDA:20,3,0,0
BRDA:20,4,0,3
BRDA:20,4,1,0
BRDA:28,5,0,0
BRDA:28,6,0,1
BRDA:28,6,1,1
BRDA:36,7,0,0
BRDA:51,8,0,0
BRDA:51,9,0,0
BRDA:51,9,1,0
BRDA:56,10,0,0
BRDA:56,10,1,0
BRF:16
BRH:5
end_of_record
TN:
SF:src/utils/xmlUtils.ts
FN:1,escapeXml
FN:12,escapeCdata
FN:32,(anonymous_2)
FNF:3
FNH:3
FNDA:15,escapeXml
FNDA:2,escapeCdata
FNDA:1,(anonymous_2)
DA:1,4
DA:2,15
DA:4,15
DA:12,4
DA:13,2
DA:16,1
DA:19,1
DA:22,1
DA:23,1
DA:24,1
DA:26,1
DA:27,1
DA:28,1
DA:32,1
LF:14
LH:14
BRDA:2,0,0,0
BRDA:13,1,0,1
BRF:2
BRH:1
end_of_record
