TN:
SF:src/config.ts
FN:5,(anonymous_9)
FN:37,(anonymous_10)
FN:42,(anonymous_11)
FN:47,(anonymous_12)
FN:52,(anonymous_13)
FNF:5
FNH:4
FNDA:3,(anonymous_9)
FNDA:2,(anonymous_10)
FNDA:3,(anonymous_11)
FNDA:2,(anonymous_12)
FNDA:0,(anonymous_13)
DA:1,1
DA:4,1
DA:6,3
DA:9,3
DA:10,3
DA:11,3
DA:12,3
DA:14,3
DA:38,2
DA:39,2
DA:43,3
DA:44,3
DA:48,2
DA:49,2
DA:53,0
LF:15
LH:14
BRDA:9,0,0,3
BRDA:9,0,1,1
BRDA:10,1,0,3
BRDA:10,1,1,1
BRDA:11,2,0,3
BRDA:11,2,1,1
BRDA:12,3,0,3
BRDA:12,3,1,1
BRDA:15,4,0,1
BRDA:15,4,1,2
BRDA:16,5,0,1
BRDA:16,5,1,2
BRDA:17,6,0,1
BRDA:17,6,1,2
BRDA:18,7,0,1
BRDA:18,7,1,2
BRDA:19,8,0,1
BRDA:19,8,1,0
BRDA:21,9,0,1
BRDA:21,9,1,2
BRDA:22,10,0,1
BRDA:22,10,1,0
BRDA:24,11,0,1
BRDA:24,11,1,2
BRDA:27,12,0,1
BRDA:27,12,1,2
BRDA:28,13,0,1
BRDA:28,13,1,2
BRDA:31,14,0,1
BRDA:31,14,1,2
BRDA:39,15,0,2
BRDA:39,15,1,1
BRDA:44,16,0,3
BRDA:44,16,1,2
BRF:34
BRH:32
end_of_record
TN:
SF:src/fileHandler.ts
FN:24,(anonymous_9)
FN:32,(anonymous_10)
FN:37,(anonymous_11)
FN:41,(anonymous_12)
FN:46,(anonymous_13)
FN:76,(anonymous_14)
FN:115,(anonymous_15)
FN:158,(anonymous_16)
FN:163,(anonymous_17)
FN:177,(anonymous_18)
FN:179,(anonymous_19)
FN:180,(anonymous_20)
FN:187,(anonymous_21)
FN:204,(anonymous_22)
FN:215,(anonymous_23)
FN:224,(anonymous_24)
FN:228,(anonymous_25)
FNF:17
FNH:8
FNDA:8,(anonymous_9)
FNDA:0,(anonymous_10)
FNDA:0,(anonymous_11)
FNDA:1,(anonymous_12)
FNDA:1,(anonymous_13)
FNDA:0,(anonymous_14)
FNDA:0,(anonymous_15)
FNDA:1,(anonymous_16)
FNDA:3,(anonymous_17)
FNDA:1,(anonymous_18)
FNDA:3,(anonymous_19)
FNDA:3,(anonymous_20)
FNDA:0,(anonymous_21)
FNDA:0,(anonymous_22)
FNDA:0,(anonymous_23)
FNDA:0,(anonymous_24)
FNDA:0,(anonymous_25)
DA:1,3
DA:2,3
DA:4,3
DA:5,3
DA:17,3
DA:19,8
DA:21,8
DA:22,8
DA:28,8
DA:29,8
DA:34,0
DA:38,0
DA:42,1
DA:43,1
DA:47,1
DA:48,1
DA:49,1
DA:51,0
DA:59,1
DA:67,0
DA:77,0
DA:78,0
DA:79,0
DA:80,0
DA:82,0
DA:83,0
DA:86,0
DA:87,0
DA:90,0
DA:93,0
DA:94,0
DA:97,0
DA:99,0
DA:110,0
DA:111,0
DA:116,0
DA:117,0
DA:119,0
DA:120,0
DA:122,0
DA:123,0
DA:124,0
DA:126,0
DA:127,0
DA:128,0
DA:130,0
DA:131,0
DA:132,0
DA:134,0
DA:135,0
DA:137,0
DA:138,0
DA:139,0
DA:141,0
DA:142,0
DA:145,0
DA:147,0
DA:153,0
DA:154,0
DA:159,1
DA:160,1
DA:161,1
DA:162,1
DA:163,3
DA:167,1
DA:168,0
DA:171,1
DA:173,0
DA:178,1
DA:179,3
DA:180,3
DA:184,1
DA:189,0
DA:190,0
DA:191,0
DA:194,0
DA:197,0
DA:200,0
DA:201,0
DA:202,0
DA:203,0
DA:204,0
DA:205,0
DA:211,0
DA:212,0
DA:213,0
DA:214,0
DA:215,0
DA:216,0
DA:221,0
DA:225,0
DA:229,0
LF:92
LH:27
BRDA:26,0,0,8
BRDA:49,1,0,0
BRDA:82,2,0,0
BRDA:93,3,0,0
BRDA:104,4,0,0
BRDA:104,4,1,0
BRDA:104,5,0,0
BRDA:104,5,1,0
BRDA:119,6,0,0
BRDA:119,6,1,0
BRDA:120,7,0,0
BRDA:120,7,1,0
BRDA:120,7,2,0
BRDA:120,7,3,0
BRDA:137,8,0,0
BRDA:137,8,1,0
BRDA:139,9,0,0
BRDA:139,9,1,0
BRDA:153,10,0,0
BRDA:167,11,0,0
BRDA:180,12,0,3
BRDA:180,12,1,3
BRDA:180,12,2,3
BRDA:180,12,3,3
BRDA:190,13,0,0
BRDA:190,13,1,0
BRDA:191,14,0,0
BRDA:191,14,1,0
BRDA:201,15,0,0
BRDA:204,16,0,0
BRDA:211,17,0,0
BRDA:215,18,0,0
BRF:32
BRH:5
end_of_record
TN:
SF:src/fileProcessor.ts
FN:30,(anonymous_9)
FN:35,(anonymous_10)
FN:39,(anonymous_11)
FN:43,(anonymous_12)
FN:47,(anonymous_13)
FN:51,(anonymous_14)
FN:55,(anonymous_15)
FN:59,(anonymous_16)
FN:63,(anonymous_17)
FN:82,(anonymous_18)
FN:91,(anonymous_19)
FN:101,(anonymous_20)
FN:107,(anonymous_21)
FN:134,(anonymous_22)
FN:135,(anonymous_23)
FN:136,(anonymous_24)
FN:141,(anonymous_25)
FN:166,(anonymous_26)
FN:191,(anonymous_27)
FN:230,(anonymous_28)
FN:255,(anonymous_29)
FN:257,(anonymous_30)
FN:264,(anonymous_31)
FN:270,(anonymous_32)
FN:276,(anonymous_33)
FN:285,(anonymous_34)
FN:287,(anonymous_35)
FN:289,(anonymous_36)
FN:298,(anonymous_37)
FN:300,(anonymous_38)
FN:320,(anonymous_39)
FN:326,(anonymous_40)
FN:332,(anonymous_41)
FN:371,(anonymous_42)
FN:376,(anonymous_43)
FN:432,(anonymous_44)
FN:436,(anonymous_45)
FN:442,(anonymous_46)
FN:448,(anonymous_47)
FN:466,(anonymous_48)
FN:473,(anonymous_49)
FN:481,(anonymous_50)
FN:502,(anonymous_51)
FN:512,(anonymous_52)
FN:545,(anonymous_53)
FN:560,(anonymous_54)
FN:566,(anonymous_55)
FN:583,(anonymous_56)
FN:588,(anonymous_57)
FN:600,(anonymous_58)
FN:710,(anonymous_59)
FN:737,(anonymous_60)
FN:744,(anonymous_61)
FN:751,(anonymous_62)
FN:754,(anonymous_63)
FN:765,(anonymous_64)
FN:784,(anonymous_65)
FN:804,(anonymous_66)
FN:804,(anonymous_67)
FN:862,(anonymous_68)
FN:909,(anonymous_69)
FN:910,(anonymous_70)
FN:916,(anonymous_71)
FN:940,(anonymous_72)
FN:953,(anonymous_73)
FN:969,(anonymous_74)
FN:985,(anonymous_75)
FN:1003,(anonymous_76)
FN:1008,(anonymous_77)
FN:1010,(anonymous_78)
FN:1020,(anonymous_79)
FN:1022,(anonymous_80)
FN:1023,(anonymous_81)
FN:1029,(anonymous_82)
FN:1034,(anonymous_83)
FN:1053,(anonymous_84)
FN:1056,(anonymous_85)
FN:1074,(anonymous_86)
FN:1085,(anonymous_87)
FN:1100,(anonymous_88)
FN:1109,(anonymous_89)
FN:1112,(anonymous_90)
FN:1145,(anonymous_91)
FN:1160,(anonymous_92)
FN:1161,(anonymous_93)
FN:1171,(anonymous_94)
FN:1189,(anonymous_95)
FN:1191,(anonymous_96)
FN:1197,(anonymous_97)
FN:1201,(anonymous_98)
FN:1206,(anonymous_99)
FNF:91
FNH:41
FNDA:8,(anonymous_9)
FNDA:1,(anonymous_10)
FNDA:1,(anonymous_11)
FNDA:0,(anonymous_12)
FNDA:0,(anonymous_13)
FNDA:0,(anonymous_14)
FNDA:0,(anonymous_15)
FNDA:1,(anonymous_16)
FNDA:4,(anonymous_17)
FNDA:16,(anonymous_18)
FNDA:0,(anonymous_19)
FNDA:9,(anonymous_20)
FNDA:12,(anonymous_21)
FNDA:5,(anonymous_22)
FNDA:5,(anonymous_23)
FNDA:5,(anonymous_24)
FNDA:16,(anonymous_25)
FNDA:0,(anonymous_26)
FNDA:0,(anonymous_27)
FNDA:0,(anonymous_28)
FNDA:0,(anonymous_29)
FNDA:0,(anonymous_30)
FNDA:0,(anonymous_31)
FNDA:0,(anonymous_32)
FNDA:0,(anonymous_33)
FNDA:0,(anonymous_34)
FNDA:0,(anonymous_35)
FNDA:0,(anonymous_36)
FNDA:0,(anonymous_37)
FNDA:0,(anonymous_38)
FNDA:0,(anonymous_39)
FNDA:0,(anonymous_40)
FNDA:0,(anonymous_41)
FNDA:0,(anonymous_42)
FNDA:5,(anonymous_43)
FNDA:0,(anonymous_44)
FNDA:0,(anonymous_45)
FNDA:0,(anonymous_46)
FNDA:0,(anonymous_47)
FNDA:0,(anonymous_48)
FNDA:0,(anonymous_49)
FNDA:0,(anonymous_50)
FNDA:0,(anonymous_51)
FNDA:2,(anonymous_52)
FNDA:2,(anonymous_53)
FNDA:7,(anonymous_54)
FNDA:171,(anonymous_55)
FNDA:0,(anonymous_56)
FNDA:0,(anonymous_57)
FNDA:40,(anonymous_58)
FNDA:0,(anonymous_59)
FNDA:2,(anonymous_60)
FNDA:0,(anonymous_61)
FNDA:9,(anonymous_62)
FNDA:12,(anonymous_63)
FNDA:12,(anonymous_64)
FNDA:12,(anonymous_65)
FNDA:0,(anonymous_66)
FNDA:0,(anonymous_67)
FNDA:3,(anonymous_68)
FNDA:12,(anonymous_69)
FNDA:5,(anonymous_70)
FNDA:0,(anonymous_71)
FNDA:4,(anonymous_72)
FNDA:0,(anonymous_73)
FNDA:0,(anonymous_74)
FNDA:0,(anonymous_75)
FNDA:0,(anonymous_76)
FNDA:7,(anonymous_77)
FNDA:10,(anonymous_78)
FNDA:5,(anonymous_79)
FNDA:4,(anonymous_80)
FNDA:1,(anonymous_81)
FNDA:1,(anonymous_82)
FNDA:0,(anonymous_83)
FNDA:0,(anonymous_84)
FNDA:7,(anonymous_85)
FNDA:5,(anonymous_86)
FNDA:4,(anonymous_87)
FNDA:1,(anonymous_88)
FNDA:4,(anonymous_89)
FNDA:0,(anonymous_90)
FNDA:0,(anonymous_91)
FNDA:0,(anonymous_92)
FNDA:0,(anonymous_93)
FNDA:0,(anonymous_94)
FNDA:0,(anonymous_95)
FNDA:0,(anonymous_96)
FNDA:5,(anonymous_97)
FNDA:4,(anonymous_98)
FNDA:1,(anonymous_99)
DA:1,2
DA:2,2
DA:3,2
DA:4,2
DA:7,2
DA:8,2
DA:23,2
DA:24,8
DA:25,8
DA:26,8
DA:27,8
DA:28,8
DA:31,8
DA:32,8
DA:36,1
DA:40,1
DA:44,0
DA:48,0
DA:52,0
DA:56,0
DA:60,1
DA:64,4
DA:74,2
DA:77,16
DA:78,16
DA:79,16
DA:80,16
DA:83,16
DA:87,16
DA:88,16
DA:95,0
DA:96,0
DA:97,0
DA:102,9
DA:103,0
DA:107,9
DA:108,12
DA:109,12
DA:110,0
DA:112,12
DA:115,9
DA:116,0
DA:119,9
DA:120,7
DA:121,7
DA:122,7
DA:123,6
DA:127,1
DA:129,1
DA:134,5
DA:135,5
DA:136,5
DA:137,2
DA:139,2
DA:140,7
DA:141,16
DA:142,5
DA:144,2
DA:149,2
DA:150,0
DA:151,0
DA:152,0
DA:153,0
DA:157,0
DA:159,0
DA:163,2
DA:172,0
DA:173,0
DA:174,0
DA:177,0
DA:178,0
DA:181,0
DA:182,0
DA:183,0
DA:184,0
DA:185,0
DA:186,0
DA:191,0
DA:192,0
DA:193,0
DA:194,0
DA:196,0
DA:200,0
DA:201,0
DA:202,0
DA:203,0
DA:204,0
DA:205,0
DA:212,0
DA:213,0
DA:214,0
DA:215,0
DA:218,0
DA:219,0
DA:222,0
DA:224,0
DA:225,0
DA:230,0
DA:231,0
DA:232,0
DA:238,0
DA:239,0
DA:240,0
DA:241,0
DA:245,0
DA:246,0
DA:251,0
DA:257,0
DA:259,0
DA:260,0
DA:264,0
DA:265,0
DA:270,0
DA:272,0
DA:273,0
DA:276,0
DA:281,0
DA:287,0
DA:288,0
DA:289,0
DA:290,0
DA:298,0
DA:299,0
DA:300,0
DA:301,0
DA:304,0
DA:306,0
DA:312,0
DA:316,0
DA:320,0
DA:326,0
DA:334,0
DA:335,0
DA:339,0
DA:340,0
DA:341,0
DA:342,0
DA:343,0
DA:344,0
DA:345,0
DA:351,0
DA:352,0
DA:353,0
DA:354,0
DA:359,0
DA:360,0
DA:361,0
DA:362,0
DA:363,0
DA:364,0
DA:368,0
DA:372,0
DA:373,0
DA:381,5
DA:382,0
DA:393,5
DA:394,5
DA:395,0
DA:398,5
DA:409,5
DA:410,4
DA:417,5
DA:418,1
DA:419,1
DA:424,1
DA:425,1
DA:429,5
DA:433,0
DA:435,0
DA:436,0
DA:437,0
DA:441,0
DA:442,0
DA:443,0
DA:454,0
DA:455,0
DA:456,0
DA:457,0
DA:458,0
DA:459,0
DA:462,0
DA:467,0
DA:468,0
DA:469,0
DA:473,0
DA:474,0
DA:476,0
DA:477,0
DA:479,0
DA:480,0
DA:481,0
DA:483,0
DA:484,0
DA:493,0
DA:496,0
DA:497,0
DA:502,0
DA:503,0
DA:508,0
DA:513,2
DA:514,0
DA:515,0
DA:518,2
DA:519,2
DA:520,2
DA:521,2
DA:523,0
DA:524,0
DA:525,0
DA:527,0
DA:528,0
DA:529,0
DA:531,0
DA:534,0
DA:535,0
DA:536,0
DA:538,0
DA:541,0
DA:542,0
DA:546,2
DA:547,2
DA:548,2
DA:557,0
DA:561,7
DA:562,0
DA:565,7
DA:566,7
DA:567,171
DA:568,50
DA:569,0
DA:571,50
DA:573,171
DA:576,7
DA:578,7
DA:580,0
DA:582,0
DA:583,0
DA:588,0
DA:602,40
DA:604,40
DA:606,40
DA:607,0
DA:608,0
DA:611,40
DA:622,40
DA:623,1
DA:624,1
DA:627,39
DA:628,0
DA:629,0
DA:633,39
DA:634,1
DA:635,1
DA:638,38
DA:639,0
DA:640,0
DA:644,38
DA:645,0
DA:646,0
DA:650,38
DA:651,38
DA:656,38
DA:658,8
DA:660,3
DA:661,3
DA:662,3
DA:667,5
DA:670,5
DA:671,2
DA:672,2
DA:676,30
DA:677,0
DA:678,0
DA:681,30
DA:682,3
DA:683,3
DA:688,30
DA:689,30
DA:690,0
DA:691,0
DA:695,30
DA:696,0
DA:697,0
DA:698,0
DA:702,30
DA:703,30
DA:705,0
DA:706,0
DA:711,0
DA:712,0
DA:713,0
DA:714,0
DA:717,0
DA:728,0
DA:730,0
DA:739,2
DA:740,0
DA:746,0
DA:747,0
DA:752,9
DA:754,9
DA:755,12
DA:756,0
DA:757,12
DA:758,12
DA:760,0
DA:761,0
DA:765,9
DA:766,12
DA:767,12
DA:778,9
DA:779,0
DA:780,0
DA:784,9
DA:785,12
DA:786,0
DA:787,0
DA:789,12
DA:790,12
DA:791,0
DA:793,12
DA:796,9
DA:797,0
DA:798,0
DA:802,9
DA:803,0
DA:804,0
DA:808,9
DA:809,9
DA:810,9
DA:812,9
DA:813,9
DA:814,9
DA:817,9
DA:818,12
DA:819,12
DA:820,11
DA:822,11
DA:823,4
DA:824,4
DA:829,4
DA:830,4
DA:832,4
DA:833,4
DA:834,4
DA:838,1
DA:839,1
DA:844,9
DA:845,12
DA:846,12
DA:847,11
DA:849,7
DA:850,7
DA:851,6
DA:852,6
DA:862,6
DA:863,6
DA:864,6
DA:865,6
DA:867,0
DA:872,1
DA:873,1
DA:877,9
DA:878,2
DA:880,0
DA:882,2
DA:883,2
DA:887,7
DA:895,7
DA:896,7
DA:897,7
DA:900,2
DA:901,2
DA:903,9
DA:904,9
DA:905,9
DA:910,12
DA:912,5
DA:913,0
DA:916,0
DA:929,5
DA:932,5
DA:937,5
DA:940,4
DA:955,0
DA:956,0
DA:960,0
DA:962,0
DA:966,0
DA:971,0
DA:972,0
DA:976,0
DA:977,0
DA:978,0
DA:982,0
DA:987,0
DA:992,0
DA:1005,0
DA:1009,7
DA:1010,7
DA:1011,10
DA:1012,10
DA:1013,0
DA:1015,10
DA:1016,10
DA:1022,5
DA:1023,4
DA:1024,4
DA:1029,5
DA:1030,1
DA:1039,0
DA:1040,0
DA:1043,0
DA:1044,0
DA:1046,0
DA:1049,0
DA:1050,0
DA:1053,0
DA:1057,7
DA:1058,0
DA:1059,0
DA:1063,7
DA:1064,7
DA:1065,10
DA:1066,0
DA:1068,10
DA:1069,0
DA:1071,10
DA:1074,7
DA:1075,5
DA:1076,0
DA:1080,5
DA:1081,5
DA:1082,0
DA:1085,5
DA:1087,4
DA:1091,4
DA:1092,0
DA:1095,4
DA:1096,0
DA:1100,5
DA:1102,1
DA:1103,0
DA:1105,1
DA:1109,7
DA:1121,0
DA:1124,0
DA:1125,0
DA:1137,0
DA:1138,0
DA:1141,0
DA:1142,0
DA:1145,0
DA:1159,0
DA:1160,0
DA:1161,0
DA:1171,0
DA:1178,0
DA:1190,0
DA:1191,0
DA:1192,0
DA:1194,0
DA:1198,5
DA:1201,4
DA:1206,1
LF:465
LH:214
BRDA:30,0,0,0
BRDA:30,1,0,0
BRDA:56,2,0,0
BRDA:56,2,1,0
BRDA:87,3,0,16
BRDA:87,3,1,0
BRDA:88,4,0,16
BRDA:88,4,1,0
BRDA:102,5,0,0
BRDA:102,6,0,9
BRDA:102,6,1,9
BRDA:108,7,0,12
BRDA:108,7,1,12
BRDA:108,7,2,12
BRDA:108,7,3,12
BRDA:109,8,0,0
BRDA:115,9,0,0
BRDA:119,10,0,7
BRDA:123,11,0,2
BRDA:123,11,1,4
BRDA:141,12,0,5
BRDA:141,12,1,2
BRDA:149,13,0,0
BRDA:153,14,0,0
BRDA:153,14,1,0
BRDA:177,15,0,0
BRDA:181,16,0,0
BRDA:181,16,1,0
BRDA:183,17,0,0
BRDA:185,18,0,0
BRDA:185,18,1,0
BRDA:191,19,0,0
BRDA:193,20,0,0
BRDA:193,20,1,0
BRDA:193,21,0,0
BRDA:193,21,1,0
BRDA:200,22,0,0
BRDA:202,23,0,0
BRDA:204,24,0,0
BRDA:204,24,1,0
BRDA:212,25,0,0
BRDA:218,26,0,0
BRDA:224,27,0,0
BRDA:230,28,0,0
BRDA:238,29,0,0
BRDA:245,30,0,0
BRDA:245,31,0,0
BRDA:245,31,1,0
BRDA:245,31,2,0
BRDA:259,32,0,0
BRDA:259,32,1,0
BRDA:264,33,0,0
BRDA:272,34,0,0
BRDA:272,34,1,0
BRDA:289,35,0,0
BRDA:304,36,0,0
BRDA:334,37,0,0
BRDA:340,38,0,0
BRDA:342,39,0,0
BRDA:344,40,0,0
BRDA:351,41,0,0
BRDA:353,42,0,0
BRDA:360,43,0,0
BRDA:363,44,0,0
BRDA:373,45,0,0
BRDA:373,45,1,0
BRDA:379,46,0,4
BRDA:381,47,0,0
BRDA:394,48,0,0
BRDA:424,49,0,1
BRDA:433,50,0,0
BRDA:433,51,0,0
BRDA:433,51,1,0
BRDA:435,52,0,0
BRDA:437,53,0,0
BRDA:441,54,0,0
BRDA:443,55,0,0
BRDA:456,56,0,0
BRDA:468,57,0,0
BRDA:468,58,0,0
BRDA:468,58,1,0
BRDA:474,59,0,0
BRDA:480,60,0,0
BRDA:480,60,1,0
BRDA:483,61,0,0
BRDA:502,62,0,0
BRDA:502,63,0,0
BRDA:502,63,1,0
BRDA:513,64,0,0
BRDA:518,65,0,2
BRDA:519,66,0,2
BRDA:523,67,0,0
BRDA:527,68,0,0
BRDA:531,69,0,0
BRDA:531,70,0,0
BRDA:531,70,1,0
BRDA:531,70,2,0
BRDA:546,71,0,2
BRDA:548,72,0,2
BRDA:548,72,1,2
BRDA:548,72,2,2
BRDA:548,72,3,2
BRDA:548,72,4,2
BRDA:548,72,5,2
BRDA:548,72,6,2
BRDA:548,72,7,2
BRDA:561,73,0,0
BRDA:561,74,0,7
BRDA:561,74,1,7
BRDA:567,75,0,50
BRDA:567,76,0,171
BRDA:567,76,1,50
BRDA:568,77,0,0
BRDA:583,78,0,0
BRDA:583,78,1,0
BRDA:588,79,0,0
BRDA:588,79,1,0
BRDA:595,80,0,0
BRDA:595,80,1,0
BRDA:604,81,0,0
BRDA:604,81,1,40
BRDA:604,82,0,40
BRDA:604,82,1,40
BRDA:604,82,2,0
BRDA:604,82,3,0
BRDA:606,83,0,0
BRDA:606,84,0,40
BRDA:606,84,1,40
BRDA:606,84,2,40
BRDA:612,85,0,40
BRDA:612,85,1,0
BRDA:622,86,0,1
BRDA:622,87,0,40
BRDA:622,87,1,39
BRDA:627,88,0,0
BRDA:627,89,0,39
BRDA:627,89,1,39
BRDA:633,90,0,1
BRDA:638,91,0,0
BRDA:644,92,0,0
BRDA:651,93,0,8
BRDA:651,93,1,30
BRDA:656,94,0,8
BRDA:656,94,1,30
BRDA:658,95,0,3
BRDA:660,96,0,3
BRDA:670,97,0,2
BRDA:676,98,0,0
BRDA:681,99,0,3
BRDA:688,100,0,3
BRDA:688,100,1,27
BRDA:689,101,0,0
BRDA:695,102,0,0
BRDA:696,103,0,0
BRDA:705,104,0,0
BRDA:705,104,1,0
BRDA:712,105,0,0
BRDA:718,106,0,0
BRDA:718,106,1,0
BRDA:719,107,0,0
BRDA:719,107,1,0
BRDA:720,108,0,0
BRDA:720,108,1,0
BRDA:721,109,0,0
BRDA:721,109,1,0
BRDA:722,110,0,0
BRDA:722,110,1,0
BRDA:723,111,0,0
BRDA:723,111,1,0
BRDA:725,112,0,0
BRDA:725,112,1,0
BRDA:731,113,0,0
BRDA:731,113,1,0
BRDA:732,114,0,0
BRDA:732,114,1,0
BRDA:739,115,0,0
BRDA:746,116,0,0
BRDA:755,117,0,0
BRDA:755,117,1,12
BRDA:755,118,0,12
BRDA:755,118,1,12
BRDA:755,118,2,0
BRDA:755,118,3,0
BRDA:757,119,0,12
BRDA:757,120,0,12
BRDA:757,120,1,12
BRDA:766,121,0,0
BRDA:778,122,0,0
BRDA:778,123,0,9
BRDA:778,123,1,9
BRDA:785,124,0,0
BRDA:785,125,0,12
BRDA:785,125,1,12
BRDA:785,125,2,12
BRDA:790,126,0,0
BRDA:796,127,0,0
BRDA:802,128,0,0
BRDA:804,129,0,0
BRDA:804,129,1,0
BRDA:820,130,0,0
BRDA:822,131,0,4
BRDA:826,132,0,2
BRDA:826,132,1,2
BRDA:829,133,0,4
BRDA:847,134,0,4
BRDA:847,135,0,11
BRDA:847,135,1,11
BRDA:850,136,0,6
BRDA:862,137,0,6
BRDA:865,138,0,0
BRDA:865,139,0,6
BRDA:865,139,1,0
BRDA:877,140,0,2
BRDA:878,141,0,0
BRDA:878,141,1,2
BRDA:878,142,0,2
BRDA:878,142,1,0
BRDA:909,143,0,7
BRDA:912,144,0,0
BRDA:955,145,0,0
BRDA:960,146,0,0
BRDA:962,147,0,0
BRDA:962,147,1,0
BRDA:971,148,0,0
BRDA:977,149,0,0
BRDA:1012,150,0,0
BRDA:1023,151,0,4
BRDA:1040,152,0,0
BRDA:1057,153,0,0
BRDA:1057,154,0,7
BRDA:1057,154,1,7
BRDA:1058,155,0,0
BRDA:1058,156,0,0
BRDA:1058,156,1,0
BRDA:1058,156,2,0
BRDA:1065,157,0,0
BRDA:1068,158,0,0
BRDA:1074,159,0,4
BRDA:1075,160,0,0
BRDA:1075,161,0,5
BRDA:1075,161,1,0
BRDA:1080,162,0,1
BRDA:1080,162,1,4
BRDA:1081,163,0,0
BRDA:1081,164,0,5
BRDA:1081,164,1,0
BRDA:1081,164,2,0
BRDA:1087,165,0,0
BRDA:1087,165,1,4
BRDA:1091,166,0,0
BRDA:1095,167,0,0
BRDA:1102,168,0,0
BRDA:1105,169,0,0
BRDA:1105,169,1,1
BRDA:1115,170,0,0
BRDA:1116,171,0,0
BRDA:1117,172,0,0
BRDA:1118,173,0,0
BRDA:1124,174,0,0
BRDA:1141,175,0,0
BRF:260
BRH:89
end_of_record
TN:
SF:src/folderHandler.ts
FN:25,(anonymous_9)
FN:35,(anonymous_10)
FN:39,(anonymous_11)
FN:43,(anonymous_12)
FN:56,(anonymous_13)
FN:69,(anonymous_14)
FN:134,(anonymous_15)
FN:147,(anonymous_16)
FN:154,(anonymous_17)
FN:158,(anonymous_18)
FN:176,(anonymous_19)
FN:193,(anonymous_20)
FN:197,(anonymous_21)
FN:224,(anonymous_22)
FN:231,(anonymous_23)
FN:236,(anonymous_24)
FN:246,(anonymous_25)
FN:259,(anonymous_26)
FN:266,(anonymous_27)
FN:277,(anonymous_28)
FN:282,(anonymous_29)
FN:292,(anonymous_30)
FN:306,(anonymous_31)
FNF:23
FNH:7
FNDA:6,(anonymous_9)
FNDA:0,(anonymous_10)
FNDA:6,(anonymous_11)
FNDA:3,(anonymous_12)
FNDA:6,(anonymous_13)
FNDA:6,(anonymous_14)
FNDA:0,(anonymous_15)
FNDA:0,(anonymous_16)
FNDA:0,(anonymous_17)
FNDA:0,(anonymous_18)
FNDA:0,(anonymous_19)
FNDA:0,(anonymous_20)
FNDA:0,(anonymous_21)
FNDA:0,(anonymous_22)
FNDA:0,(anonymous_23)
FNDA:0,(anonymous_24)
FNDA:0,(anonymous_25)
FNDA:0,(anonymous_26)
FNDA:0,(anonymous_27)
FNDA:0,(anonymous_28)
FNDA:5,(anonymous_29)
FNDA:0,(anonymous_30)
FNDA:4,(anonymous_31)
DA:1,3
DA:2,3
DA:14,3
DA:17,6
DA:19,6
DA:20,6
DA:21,6
DA:22,6
DA:23,6
DA:30,6
DA:31,6
DA:32,6
DA:36,0
DA:40,6
DA:45,3
DA:58,6
DA:70,6
DA:71,6
DA:72,6
DA:75,6
DA:76,1
DA:80,5
DA:83,5
DA:84,1
DA:85,1
DA:88,4
DA:89,4
DA:90,1
DA:91,1
DA:95,3
DA:97,4
DA:98,4
DA:100,4
DA:101,0
DA:104,4
DA:105,3
DA:106,3
DA:107,3
DA:113,3
DA:114,4
DA:116,1
DA:117,1
DA:119,1
DA:120,0
DA:123,1
DA:127,3
DA:129,0
DA:130,0
DA:141,0
DA:142,0
DA:143,0
DA:145,0
DA:146,0
DA:147,0
DA:151,0
DA:158,0
DA:159,0
DA:162,0
DA:163,0
DA:164,0
DA:165,0
DA:167,0
DA:168,0
DA:171,0
DA:172,0
DA:174,0
DA:176,0
DA:183,0
DA:186,0
DA:190,0
DA:197,0
DA:198,0
DA:201,0
DA:202,0
DA:203,0
DA:204,0
DA:206,0
DA:207,0
DA:210,0
DA:211,0
DA:213,0
DA:214,0
DA:217,0
DA:221,0
DA:225,0
DA:226,0
DA:228,0
DA:232,0
DA:233,0
DA:236,0
DA:246,0
DA:247,0
DA:254,0
DA:255,0
DA:260,0
DA:261,0
DA:263,0
DA:266,0
DA:274,0
DA:277,0
DA:278,0
DA:283,5
DA:284,5
DA:285,5
DA:287,0
DA:288,0
DA:296,0
DA:297,0
DA:298,0
DA:299,0
DA:301,0
DA:302,0
DA:307,4
DA:308,4
DA:310,1
DA:311,1
LF:116
LH:50
BRDA:28,0,0,0
BRDA:48,1,0,3
BRDA:48,1,1,0
BRDA:49,2,0,3
BRDA:49,2,1,0
BRDA:50,3,0,0
BRDA:50,3,1,3
BRDA:75,4,0,1
BRDA:80,5,0,5
BRDA:80,5,1,5
BRDA:83,6,0,1
BRDA:89,7,0,1
BRDA:98,8,0,0
BRDA:98,8,1,4
BRDA:100,9,0,0
BRDA:104,10,0,3
BRDA:106,11,0,3
BRDA:114,12,0,1
BRDA:117,13,0,0
BRDA:117,13,1,1
BRDA:119,14,0,0
BRDA:137,15,0,0
BRDA:138,16,0,0
BRDA:146,17,0,0
BRDA:151,18,0,0
BRDA:151,18,1,0
BRDA:167,19,0,0
BRDA:172,20,0,0
BRDA:206,21,0,0
BRDA:211,22,0,0
BRDA:225,23,0,0
BRDA:259,24,0,0
BRDA:260,25,0,0
BRDA:285,26,0,5
BRDA:285,26,1,1
BRF:35
BRH:15
end_of_record
TN:
SF:src/xmlGenerator.ts
FN:8,(anonymous_0)
FN:11,(anonymous_1)
FN:23,(anonymous_2)
FN:26,(anonymous_3)
FN:32,(anonymous_4)
FN:36,(anonymous_5)
FN:47,(anonymous_6)
FN:57,(anonymous_7)
FN:58,(anonymous_8)
FN:74,(anonymous_9)
FN:81,(anonymous_10)
FN:87,(anonymous_11)
FN:107,(anonymous_12)
FN:117,(anonymous_13)
FN:126,(anonymous_14)
FN:142,(anonymous_15)
FN:151,(anonymous_16)
FN:156,(anonymous_17)
FN:173,(anonymous_18)
FN:181,(anonymous_19)
FN:187,(anonymous_20)
FN:190,(anonymous_21)
FN:192,(anonymous_22)
FN:225,(anonymous_23)
FN:234,(anonymous_24)
FN:243,(anonymous_25)
FN:253,(anonymous_26)
FN:261,(anonymous_27)
FN:274,(anonymous_28)
FN:288,(anonymous_29)
FN:305,(anonymous_30)
FNF:31
FNH:22
FNDA:0,(anonymous_0)
FNDA:0,(anonymous_1)
FNDA:0,(anonymous_2)
FNDA:0,(anonymous_3)
FNDA:9,(anonymous_4)
FNDA:21,(anonymous_5)
FNDA:16,(anonymous_6)
FNDA:0,(anonymous_7)
FNDA:0,(anonymous_8)
FNDA:8,(anonymous_9)
FNDA:13,(anonymous_10)
FNDA:21,(anonymous_11)
FNDA:29,(anonymous_12)
FNDA:21,(anonymous_13)
FNDA:16,(anonymous_14)
FNDA:8,(anonymous_15)
FNDA:0,(anonymous_16)
FNDA:0,(anonymous_17)
FNDA:13,(anonymous_18)
FNDA:13,(anonymous_19)
FNDA:16,(anonymous_20)
FNDA:32,(anonymous_21)
FNDA:26,(anonymous_22)
FNDA:6,(anonymous_23)
FNDA:13,(anonymous_24)
FNDA:19,(anonymous_25)
FNDA:21,(anonymous_26)
FNDA:16,(anonymous_27)
FNDA:8,(anonymous_28)
FNDA:19,(anonymous_29)
FNDA:0,(anonymous_30)
DA:2,2
DA:5,2
DA:6,2
DA:10,0
DA:11,0
DA:12,0
DA:20,0
DA:25,0
DA:26,0
DA:29,0
DA:33,9
DA:36,9
DA:37,21
DA:40,21
DA:43,21
DA:44,21
DA:47,16
DA:55,0
DA:56,0
DA:57,0
DA:58,0
DA:59,0
DA:60,0
DA:61,0
DA:63,0
DA:73,21
DA:74,21
DA:75,8
DA:81,9
DA:82,13
DA:86,9
DA:87,9
DA:88,21
DA:89,21
DA:91,13
DA:94,8
DA:95,8
DA:96,8
DA:97,0
DA:99,8
DA:104,9
DA:108,29
DA:109,1
DA:112,28
DA:113,28
DA:114,28
DA:118,21
DA:119,21
DA:122,21
DA:125,21
DA:126,14
DA:127,16
DA:128,16
DA:129,2
DA:130,2
DA:132,16
DA:133,2
DA:134,2
DA:136,16
DA:141,21
DA:142,8
DA:143,8
DA:147,21
DA:148,21
DA:152,0
DA:153,0
DA:155,0
DA:156,0
DA:157,0
DA:158,0
DA:159,0
DA:160,0
DA:162,0
DA:163,0
DA:164,0
DA:166,0
DA:168,0
DA:170,0
DA:174,13
DA:175,13
DA:178,13
DA:180,9
DA:181,9
DA:182,13
DA:186,9
DA:187,9
DA:188,16
DA:190,16
DA:191,32
DA:192,32
DA:193,16
DA:195,16
DA:196,16
DA:197,16
DA:200,6
DA:203,16
DA:204,16
DA:205,16
DA:211,9
DA:215,13
DA:216,2
DA:218,11
DA:222,13
DA:223,3
DA:224,3
DA:225,3
DA:226,6
DA:228,3
DA:232,13
DA:233,9
DA:234,9
DA:235,13
DA:237,9
DA:241,13
DA:242,11
DA:243,11
DA:244,19
DA:246,11
DA:249,13
DA:250,13
DA:254,21
DA:257,21
DA:260,21
DA:261,21
DA:262,16
DA:264,16
DA:265,16
DA:266,16
DA:272,21
DA:273,21
DA:274,21
DA:275,8
DA:276,8
DA:277,0
DA:279,8
DA:281,8
DA:282,8
DA:283,8
DA:289,19
DA:292,19
DA:293,3
DA:294,3
DA:298,19
DA:299,19
DA:301,19
DA:302,19
DA:306,0
DA:307,0
LF:148
LH:115
BRDA:12,0,0,0
BRDA:12,0,1,0
BRDA:12,0,2,0
BRDA:12,0,3,0
BRDA:12,0,4,0
BRDA:12,0,5,0
BRDA:12,0,6,0
BRDA:20,1,0,0
BRDA:20,1,1,0
BRDA:36,2,0,13
BRDA:37,3,0,8
BRDA:37,3,1,13
BRDA:43,4,0,21
BRDA:43,4,1,0
BRDA:47,5,0,21
BRDA:47,5,1,0
BRDA:56,6,0,0
BRDA:59,7,0,0
BRDA:60,8,0,0
BRDA:73,9,0,21
BRDA:89,10,0,13
BRDA:89,10,1,8
BRDA:95,11,0,8
BRDA:96,12,0,0
BRDA:108,13,0,1
BRDA:117,14,0,0
BRDA:125,15,0,14
BRDA:125,16,0,21
BRDA:125,16,1,21
BRDA:128,17,0,2
BRDA:132,18,0,2
BRDA:141,19,0,8
BRDA:141,20,0,21
BRDA:141,20,1,21
BRDA:151,21,0,0
BRDA:158,22,0,0
BRDA:162,23,0,0
BRDA:178,24,0,9
BRDA:178,25,0,13
BRDA:178,25,1,13
BRDA:186,26,0,9
BRDA:192,27,0,16
BRDA:195,28,0,16
BRDA:197,29,0,10
BRDA:204,30,0,16
BRDA:215,31,0,2
BRDA:215,31,1,11
BRDA:222,32,0,3
BRDA:232,33,0,9
BRDA:232,34,0,13
BRDA:232,34,1,13
BRDA:241,35,0,11
BRDA:241,36,0,13
BRDA:241,36,1,13
BRDA:254,37,0,8
BRDA:254,37,1,13
BRDA:260,38,0,21
BRDA:264,39,0,16
BRDA:272,40,0,21
BRDA:276,41,0,0
BRDA:292,42,0,3
BRDA:298,43,0,19
BRDA:298,43,1,1
BRDA:306,44,0,0
BRF:64
BRH:43
end_of_record
TN:
SF:src/utils/ignoreUtils.ts
FN:7,(anonymous_1)
FN:24,(anonymous_2)
FN:42,(anonymous_3)
FN:49,(anonymous_4)
FNF:4
FNH:0
FNDA:0,(anonymous_1)
FNDA:0,(anonymous_2)
FNDA:0,(anonymous_3)
FNDA:0,(anonymous_4)
DA:1,2
DA:3,2
DA:8,0
DA:9,0
DA:11,0
DA:12,0
DA:13,0
DA:16,0
DA:17,0
DA:19,0
DA:26,0
DA:27,0
DA:28,0
DA:33,0
DA:34,0
DA:35,0
DA:39,0
DA:43,0
DA:44,0
DA:50,0
DA:53,0
DA:54,0
DA:58,0
DA:59,0
DA:62,0
LF:25
LH:2
BRDA:12,0,0,0
BRDA:12,1,0,0
BRDA:12,1,1,0
BRDA:16,2,0,0
BRDA:16,2,1,0
BRDA:27,3,0,0
BRDA:34,4,0,0
BRDA:44,5,0,0
BRDA:44,5,1,0
BRDA:44,5,2,0
BRDA:53,6,0,0
BRDA:58,7,0,0
BRF:12
BRH:0
end_of_record
TN:
SF:src/utils/pathUtils.ts
FN:3,normalizePath
FN:27,getRelativePath
FN:50,isSubPath
FNF:3
FNH:0
FNDA:0,normalizePath
FNDA:0,getRelativePath
FNDA:0,isSubPath
DA:1,3
DA:3,3
DA:4,0
DA:5,0
DA:9,0
DA:10,0
DA:14,0
DA:17,0
DA:20,0
DA:21,0
DA:24,0
DA:27,3
DA:28,0
DA:29,0
DA:32,0
DA:33,0
DA:36,0
DA:37,0
DA:41,0
DA:42,0
DA:45,0
DA:47,0
DA:50,3
DA:51,0
DA:52,0
DA:55,0
DA:56,0
LF:27
LH:4
BRDA:4,0,0,0
BRDA:4,1,0,0
BRDA:4,1,1,0
BRDA:9,2,0,0
BRDA:20,3,0,0
BRDA:20,4,0,0
BRDA:20,4,1,0
BRDA:28,5,0,0
BRDA:28,6,0,0
BRDA:28,6,1,0
BRDA:36,7,0,0
BRDA:51,8,0,0
BRDA:51,9,0,0
BRDA:51,9,1,0
BRDA:56,10,0,0
BRDA:56,10,1,0
BRF:16
BRH:0
end_of_record
TN:
SF:src/utils/xmlUtils.ts
FN:1,escapeXml
FN:12,escapeCdata
FN:32,(anonymous_2)
FNF:3
FNH:3
FNDA:53,escapeXml
FNDA:1,escapeCdata
FNDA:1,(anonymous_2)
DA:1,4
DA:2,53
DA:4,53
DA:12,4
DA:13,1
DA:16,1
DA:19,1
DA:22,1
DA:23,1
DA:24,1
DA:26,1
DA:27,1
DA:28,1
DA:32,1
LF:14
LH:14
BRDA:2,0,0,0
BRDA:13,1,0,0
BRF:2
BRH:0
end_of_record
